# JRE version: Java(TM) SE Runtime Environment (7.0_45-b18) (build 1.7.0_45-b18)
# Java VM: Java HotSpot(TM) Client VM (24.45-b08 mixed mode, sharing windows-x86 )
Heap
 def new generation   total 8512K, used 3868K [0x235f0000, 0x23f20000, 0x28b40000)
  eden space 7616K,  45% used [0x235f0000, 0x23958448, 0x23d60000)
  from space 896K,  42% used [0x23d60000, 0x23dbedf0, 0x23e40000)
  to   space 896K,   0% used [0x23e40000, 0x23e40000, 0x23f20000)
 tenured generation   total 18748K, used 10724K [0x28b40000, 0x29d8f000, 0x335f0000)
   the space 18748K,  57% used [0x28b40000, 0x295b93b0, 0x295b9400, 0x29d8f000)
 compacting perm gen  total 12288K, used 3686K [0x335f0000, 0x341f0000, 0x375f0000)
   the space 12288K,  30% used [0x335f0000, 0x339899c0, 0x33989a00, 0x341f0000)
    ro space 10240K,  41% used [0x375f0000, 0x37a21a78, 0x37a21c00, 0x37ff0000)
    rw space 12288K,  52% used [0x37ff0000, 0x386362c0, 0x38636400, 0x38bf0000)
GC Heap History (10 events):
Event: 119.752 GC heap before
{Heap before GC invocations=143 (full 4):
 def new generation   total 8512K, used 7757K [0x235f0000, 0x23f20000, 0x28b40000)
  eden space 7616K, 100% used [0x235f0000, 0x23d60000, 0x23d60000)
  from space 896K,  15% used [0x23e40000, 0x23e63650, 0x23f20000)
  to   space 896K,   0% used [0x23d60000, 0x23d60000, 0x23e40000)
 tenured generation   total 18748K, used 10724K [0x28b40000, 0x29d8f000, 0x335f0000)
   the space 18748K,  57% used [0x28b40000, 0x295b93b0, 0x295b9400, 0x29d8f000)
 compacting perm gen  total 12288K, used 3637K [0x335f0000, 0x341f0000, 0x375f0000)
   the space 12288K,  29% used [0x335f0000, 0x3397d6e0, 0x3397d800, 0x341f0000)
    ro space 10240K,  41% used [0x375f0000, 0x37a21a78, 0x37a21c00, 0x37ff0000)
    rw space 12288K,  52% used [0x37ff0000, 0x386362c0, 0x38636400, 0x38bf0000)
Event: 119.753 GC heap after
Heap after GC invocations=144 (full 4):
 def new generation   total 8512K, used 236K [0x235f0000, 0x23f20000, 0x28b40000)
  eden space 7616K,   0% used [0x235f0000, 0x235f0000, 0x23d60000)
  from space 896K,  26% used [0x23d60000, 0x23d9b048, 0x23e40000)
  to   space 896K,   0% used [0x23e40000, 0x23e40000, 0x23f20000)
 tenured generation   total 18748K, used 10724K [0x28b40000, 0x29d8f000, 0x335f0000)
   the space 18748K,  57% used [0x28b40000, 0x295b93b0, 0x295b9400, 0x29d8f000)
 compacting perm gen  total 12288K, used 3637K [0x335f0000, 0x341f0000, 0x375f0000)
   the space 12288K,  29% used [0x335f0000, 0x3397d6e0, 0x3397d800, 0x341f0000)
    ro space 10240K,  41% used [0x375f0000, 0x37a21a78, 0x37a21c00, 0x37ff0000)
    rw space 12288K,  52% used [0x37ff0000, 0x386362c0, 0x38636400, 0x38bf0000)
}
Event: 119.792 GC heap before
{Heap before GC invocations=144 (full 4):
 def new generation   total 8512K, used 7852K [0x235f0000, 0x23f20000, 0x28b40000)
  eden space 7616K, 100% used [0x235f0000, 0x23d60000, 0x23d60000)
  from space 896K,  26% used [0x23d60000, 0x23d9b048, 0x23e40000)
  to   space 896K,   0% used [0x23e40000, 0x23e40000, 0x23f20000)
 tenured generation   total 18748K, used 10724K [0x28b40000, 0x29d8f000, 0x335f0000)
   the space 18748K,  57% used [0x28b40000, 0x295b93b0, 0x295b9400, 0x29d8f000)
 compacting perm gen  total 12288K, used 3637K [0x335f0000, 0x341f0000, 0x375f0000)
   the space 12288K,  29% used [0x335f0000, 0x3397d6e0, 0x3397d800, 0x341f0000)
    ro space 10240K,  41% used [0x375f0000, 0x37a21a78, 0x37a21c00, 0x37ff0000)
    rw space 12288K,  52% used [0x37ff0000, 0x386362c0, 0x38636400, 0x38bf0000)
Event: 119.794 GC heap after
Heap after GC invocations=145 (full 4):
 def new generation   total 8512K, used 236K [0x235f0000, 0x23f20000, 0x28b40000)
  eden space 7616K,   0% used [0x235f0000, 0x235f0000, 0x23d60000)
  from space 896K,  26% used [0x23e40000, 0x23e7b048, 0x23f20000)
  to   space 896K,   0% used [0x23d60000, 0x23d60000, 0x23e40000)
 tenured generation   total 18748K, used 10724K [0x28b40000, 0x29d8f000, 0x335f0000)
   the space 18748K,  57% used [0x28b40000, 0x295b93b0, 0x295b9400, 0x29d8f000)
 compacting perm gen  total 12288K, used 3637K [0x335f0000, 0x341f0000, 0x375f0000)
   the space 12288K,  29% used [0x335f0000, 0x3397d6e0, 0x3397d800, 0x341f0000)
    ro space 10240K,  41% used [0x375f0000, 0x37a21a78, 0x37a21c00, 0x37ff0000)
    rw space 12288K,  52% used [0x37ff0000, 0x386362c0, 0x38636400, 0x38bf0000)
}
Event: 119.875 GC heap before
{Heap before GC invocations=145 (full 4):
 def new generation   total 8512K, used 7852K [0x235f0000, 0x23f20000, 0x28b40000)
  eden space 7616K, 100% used [0x235f0000, 0x23d60000, 0x23d60000)
  from space 896K,  26% used [0x23e40000, 0x23e7b048, 0x23f20000)
  to   space 896K,   0% used [0x23d60000, 0x23d60000, 0x23e40000)
 tenured generation   total 18748K, used 10724K [0x28b40000, 0x29d8f000, 0x335f0000)
   the space 18748K,  57% used [0x28b40000, 0x295b93b0, 0x295b9400, 0x29d8f000)
 compacting perm gen  total 12288K, used 3686K [0x335f0000, 0x341f0000, 0x375f0000)
   the space 12288K,  30% used [0x335f0000, 0x339899c0, 0x33989a00, 0x341f0000)
    ro space 10240K,  41% used [0x375f0000, 0x37a21a78, 0x37a21c00, 0x37ff0000)
    rw space 12288K,  52% used [0x37ff0000, 0x386362c0, 0x38636400, 0x38bf0000)
Event: 119.877 GC heap after
Heap after GC invocations=146 (full 4):
 def new generation   total 8512K, used 423K [0x235f0000, 0x23f20000, 0x28b40000)
  eden space 7616K,   0% used [0x235f0000, 0x235f0000, 0x23d60000)
  from space 896K,  47% used [0x23d60000, 0x23dc9cc8, 0x23e40000)
  to   space 896K,   0% used [0x23e40000, 0x23e40000, 0x23f20000)
 tenured generation   total 18748K, used 10724K [0x28b40000, 0x29d8f000, 0x335f0000)
   the space 18748K,  57% used [0x28b40000, 0x295b93b0, 0x295b9400, 0x29d8f000)
 compacting perm gen  total 12288K, used 3686K [0x335f0000, 0x341f0000, 0x375f0000)
   the space 12288K,  30% used [0x335f0000, 0x339899c0, 0x33989a00, 0x341f0000)
    ro space 10240K,  41% used [0x375f0000, 0x37a21a78, 0x37a21c00, 0x37ff0000)
    rw space 12288K,  52% used [0x37ff0000, 0x386362c0, 0x38636400, 0x38bf0000)
}
Event: 119.956 GC heap before
{Heap before GC invocations=146 (full 4):
 def new generation   total 8512K, used 8039K [0x235f0000, 0x23f20000, 0x28b40000)
  eden space 7616K, 100% used [0x235f0000, 0x23d60000, 0x23d60000)
  from space 896K,  47% used [0x23d60000, 0x23dc9cc8, 0x23e40000)
  to   space 896K,   0% used [0x23e40000, 0x23e40000, 0x23f20000)
 tenured generation   total 18748K, used 10724K [0x28b40000, 0x29d8f000, 0x335f0000)
   the space 18748K,  57% used [0x28b40000, 0x295b93b0, 0x295b9400, 0x29d8f000)
 compacting perm gen  total 12288K, used 3686K [0x335f0000, 0x341f0000, 0x375f0000)
   the space 12288K,  30% used [0x335f0000, 0x339899c0, 0x33989a00, 0x341f0000)
    ro space 10240K,  41% used [0x375f0000, 0x37a21a78, 0x37a21c00, 0x37ff0000)
    rw space 12288K,  52% used [0x37ff0000, 0x386362c0, 0x38636400, 0x38bf0000)
Event: 119.958 GC heap after
Heap after GC invocations=147 (full 4):
 def new generation   total 8512K, used 379K [0x235f0000, 0x23f20000, 0x28b40000)
  eden space 7616K,   0% used [0x235f0000, 0x235f0000, 0x23d60000)
  from space 896K,  42% used [0x23e40000, 0x23e9edf0, 0x23f20000)
  to   space 896K,   0% used [0x23d60000, 0x23d60000, 0x23e40000)
 tenured generation   total 18748K, used 10724K [0x28b40000, 0x29d8f000, 0x335f0000)
   the space 18748K,  57% used [0x28b40000, 0x295b93b0, 0x295b9400, 0x29d8f000)
 compacting perm gen  total 12288K, used 3686K [0x335f0000, 0x341f0000, 0x375f0000)
   the space 12288K,  30% used [0x335f0000, 0x339899c0, 0x33989a00, 0x341f0000)
    ro space 10240K,  41% used [0x375f0000, 0x37a21a78, 0x37a21c00, 0x37ff0000)
    rw space 12288K,  52% used [0x37ff0000, 0x386362c0, 0x38636400, 0x38bf0000)
}
Event: 120.000 GC heap before
{Heap before GC invocations=147 (full 4):
 def new generation   total 8512K, used 7995K [0x235f0000, 0x23f20000, 0x28b40000)
  eden space 7616K, 100% used [0x235f0000, 0x23d60000, 0x23d60000)
  from space 896K,  42% used [0x23e40000, 0x23e9edf0, 0x23f20000)
  to   space 896K,   0% used [0x23d60000, 0x23d60000, 0x23e40000)
 tenured generation   total 18748K, used 10724K [0x28b40000, 0x29d8f000, 0x335f0000)
   the space 18748K,  57% used [0x28b40000, 0x295b93b0, 0x295b9400, 0x29d8f000)
 compacting perm gen  total 12288K, used 3686K [0x335f0000, 0x341f0000, 0x375f0000)
   the space 12288K,  30% used [0x335f0000, 0x339899c0, 0x33989a00, 0x341f0000)
    ro space 10240K,  41% used [0x375f0000, 0x37a21a78, 0x37a21c00, 0x37ff0000)
    rw space 12288K,  52% used [0x37ff0000, 0x386362c0, 0x38636400, 0x38bf0000)
Event: 120.002 GC heap after
Heap after GC invocations=148 (full 4):
 def new generation   total 8512K, used 379K [0x235f0000, 0x23f20000, 0x28b40000)
  eden space 7616K,   0% used [0x235f0000, 0x235f0000, 0x23d60000)
  from space 896K,  42% used [0x23d60000, 0x23dbedf0, 0x23e40000)
  to   space 896K,   0% used [0x23e40000, 0x23e40000, 0x23f20000)
 tenured generation   total 18748K, used 10724K [0x28b40000, 0x29d8f000, 0x335f0000)
   the space 18748K,  57% used [0x28b40000, 0x295b93b0, 0x295b9400, 0x29d8f000)
 compacting perm gen  total 12288K, used 3686K [0x335f0000, 0x341f0000, 0x375f0000)
   the space 12288K,  30% used [0x335f0000, 0x339899c0, 0x33989a00, 0x341f0000)
    ro space 10240K,  41% used [0x375f0000, 0x37a21a78, 0x37a21c00, 0x37ff0000)
    rw space 12288K,  52% used [0x37ff0000, 0x386362c0, 0x38636400, 0x38bf0000)
}

