# JRE version: Java(TM) SE Runtime Environment (7.0_45-b18) (build 1.7.0_45-b18)
# Java VM: Java HotSpot(TM) Client VM (24.45-b08 mixed mode, sharing windows-x86 )
Heap
 def new generation   total 21312K, used 242K [0x235f0000, 0x24d00000, 0x28b40000)
  eden space 19008K,   1% used [0x235f0000, 0x2362cbc8, 0x24880000)
  from space 2304K,   0% used [0x24880000, 0x24880000, 0x24ac0000)
  to   space 2304K,   0% used [0x24ac0000, 0x24ac0000, 0x24d00000)
 tenured generation   total 47136K, used 28215K [0x28b40000, 0x2b948000, 0x335f0000)
   the space 47136K,  59% used [0x28b40000, 0x2a6cdde0, 0x2a6cde00, 0x2b948000)
 compacting perm gen  total 12288K, used 3926K [0x335f0000, 0x341f0000, 0x375f0000)
   the space 12288K,  31% used [0x335f0000, 0x339c5b18, 0x339c5c00, 0x341f0000)
    ro space 10240K,  41% used [0x375f0000, 0x37a21a78, 0x37a21c00, 0x37ff0000)
    rw space 12288K,  52% used [0x37ff0000, 0x386362c0, 0x38636400, 0x38bf0000)
GC Heap History (10 events):
Event: 126.224 GC heap before
{Heap before GC invocations=400 (full 147):
 def new generation   total 21312K, used 19008K [0x235f0000, 0x24d00000, 0x28b40000)
  eden space 19008K, 100% used [0x235f0000, 0x24880000, 0x24880000)
  from space 2304K,   0% used [0x24880000, 0x24880000, 0x24ac0000)
  to   space 2304K,   0% used [0x24ac0000, 0x24ac0000, 0x24d00000)
 tenured generation   total 47136K, used 28183K [0x28b40000, 0x2b948000, 0x335f0000)
   the space 47136K,  59% used [0x28b40000, 0x2a6c5d48, 0x2a6c5e00, 0x2b948000)
 compacting perm gen  total 12288K, used 3926K [0x335f0000, 0x341f0000, 0x375f0000)
   the space 12288K,  31% used [0x335f0000, 0x339c5b18, 0x339c5c00, 0x341f0000)
    ro space 10240K,  41% used [0x375f0000, 0x37a21a78, 0x37a21c00, 0x37ff0000)
    rw space 12288K,  52% used [0x37ff0000, 0x386362c0, 0x38636400, 0x38bf0000)
Event: 126.228 GC heap after
Heap after GC invocations=401 (full 147):
 def new generation   total 21312K, used 175K [0x235f0000, 0x24d00000, 0x28b40000)
  eden space 19008K,   0% used [0x235f0000, 0x235f0000, 0x24880000)
  from space 2304K,   7% used [0x24ac0000, 0x24aebc00, 0x24d00000)
  to   space 2304K,   0% used [0x24880000, 0x24880000, 0x24ac0000)
 tenured generation   total 47136K, used 28183K [0x28b40000, 0x2b948000, 0x335f0000)
   the space 47136K,  59% used [0x28b40000, 0x2a6c5d48, 0x2a6c5e00, 0x2b948000)
 compacting perm gen  total 12288K, used 3926K [0x335f0000, 0x341f0000, 0x375f0000)
   the space 12288K,  31% used [0x335f0000, 0x339c5b18, 0x339c5c00, 0x341f0000)
    ro space 10240K,  41% used [0x375f0000, 0x37a21a78, 0x37a21c00, 0x37ff0000)
    rw space 12288K,  52% used [0x37ff0000, 0x386362c0, 0x38636400, 0x38bf0000)
}
Event: 126.391 GC heap before
{Heap before GC invocations=401 (full 147):
 def new generation   total 21312K, used 19183K [0x235f0000, 0x24d00000, 0x28b40000)
  eden space 19008K, 100% used [0x235f0000, 0x24880000, 0x24880000)
  from space 2304K,   7% used [0x24ac0000, 0x24aebc00, 0x24d00000)
  to   space 2304K,   0% used [0x24880000, 0x24880000, 0x24ac0000)
 tenured generation   total 47136K, used 28183K [0x28b40000, 0x2b948000, 0x335f0000)
   the space 47136K,  59% used [0x28b40000, 0x2a6c5d48, 0x2a6c5e00, 0x2b948000)
 compacting perm gen  total 12288K, used 3926K [0x335f0000, 0x341f0000, 0x375f0000)
   the space 12288K,  31% used [0x335f0000, 0x339c5b18, 0x339c5c00, 0x341f0000)
    ro space 10240K,  41% used [0x375f0000, 0x37a21a78, 0x37a21c00, 0x37ff0000)
    rw space 12288K,  52% used [0x37ff0000, 0x386362c0, 0x38636400, 0x38bf0000)
Event: 126.394 GC heap after
Heap after GC invocations=402 (full 147):
 def new generation   total 21312K, used 159K [0x235f0000, 0x24d00000, 0x28b40000)
  eden space 19008K,   0% used [0x235f0000, 0x235f0000, 0x24880000)
  from space 2304K,   6% used [0x24880000, 0x248a7d40, 0x24ac0000)
  to   space 2304K,   0% used [0x24ac0000, 0x24ac0000, 0x24d00000)
 tenured generation   total 47136K, used 28183K [0x28b40000, 0x2b948000, 0x335f0000)
   the space 47136K,  59% used [0x28b40000, 0x2a6c5d48, 0x2a6c5e00, 0x2b948000)
 compacting perm gen  total 12288K, used 3926K [0x335f0000, 0x341f0000, 0x375f0000)
   the space 12288K,  31% used [0x335f0000, 0x339c5b18, 0x339c5c00, 0x341f0000)
    ro space 10240K,  41% used [0x375f0000, 0x37a21a78, 0x37a21c00, 0x37ff0000)
    rw space 12288K,  52% used [0x37ff0000, 0x386362c0, 0x38636400, 0x38bf0000)
}
Event: 126.574 GC heap before
{Heap before GC invocations=402 (full 147):
 def new generation   total 21312K, used 19167K [0x235f0000, 0x24d00000, 0x28b40000)
  eden space 19008K, 100% used [0x235f0000, 0x24880000, 0x24880000)
  from space 2304K,   6% used [0x24880000, 0x248a7d40, 0x24ac0000)
  to   space 2304K,   0% used [0x24ac0000, 0x24ac0000, 0x24d00000)
 tenured generation   total 47136K, used 28183K [0x28b40000, 0x2b948000, 0x335f0000)
   the space 47136K,  59% used [0x28b40000, 0x2a6c5d48, 0x2a6c5e00, 0x2b948000)
 compacting perm gen  total 12288K, used 3926K [0x335f0000, 0x341f0000, 0x375f0000)
   the space 12288K,  31% used [0x335f0000, 0x339c5b18, 0x339c5c00, 0x341f0000)
    ro space 10240K,  41% used [0x375f0000, 0x37a21a78, 0x37a21c00, 0x37ff0000)
    rw space 12288K,  52% used [0x37ff0000, 0x386362c0, 0x38636400, 0x38bf0000)
Event: 126.577 GC heap after
Heap after GC invocations=403 (full 147):
 def new generation   total 21312K, used 152K [0x235f0000, 0x24d00000, 0x28b40000)
  eden space 19008K,   0% used [0x235f0000, 0x235f0000, 0x24880000)
  from space 2304K,   6% used [0x24ac0000, 0x24ae6140, 0x24d00000)
  to   space 2304K,   0% used [0x24880000, 0x24880000, 0x24ac0000)
 tenured generation   total 47136K, used 28183K [0x28b40000, 0x2b948000, 0x335f0000)
   the space 47136K,  59% used [0x28b40000, 0x2a6c5d48, 0x2a6c5e00, 0x2b948000)
 compacting perm gen  total 12288K, used 3926K [0x335f0000, 0x341f0000, 0x375f0000)
   the space 12288K,  31% used [0x335f0000, 0x339c5b18, 0x339c5c00, 0x341f0000)
    ro space 10240K,  41% used [0x375f0000, 0x37a21a78, 0x37a21c00, 0x37ff0000)
    rw space 12288K,  52% used [0x37ff0000, 0x386362c0, 0x38636400, 0x38bf0000)
}
Event: 126.759 GC heap before
{Heap before GC invocations=403 (full 147):
 def new generation   total 21312K, used 19160K [0x235f0000, 0x24d00000, 0x28b40000)
  eden space 19008K, 100% used [0x235f0000, 0x24880000, 0x24880000)
  from space 2304K,   6% used [0x24ac0000, 0x24ae6140, 0x24d00000)
  to   space 2304K,   0% used [0x24880000, 0x24880000, 0x24ac0000)
 tenured generation   total 47136K, used 28183K [0x28b40000, 0x2b948000, 0x335f0000)
   the space 47136K,  59% used [0x28b40000, 0x2a6c5d48, 0x2a6c5e00, 0x2b948000)
 compacting perm gen  total 12288K, used 3926K [0x335f0000, 0x341f0000, 0x375f0000)
   the space 12288K,  31% used [0x335f0000, 0x339c5b18, 0x339c5c00, 0x341f0000)
    ro space 10240K,  41% used [0x375f0000, 0x37a21a78, 0x37a21c00, 0x37ff0000)
    rw space 12288K,  52% used [0x37ff0000, 0x386362c0, 0x38636400, 0x38bf0000)
Event: 126.762 GC heap after
Heap after GC invocations=404 (full 147):
 def new generation   total 21312K, used 169K [0x235f0000, 0x24d00000, 0x28b40000)
  eden space 19008K,   0% used [0x235f0000, 0x235f0000, 0x24880000)
  from space 2304K,   7% used [0x24880000, 0x248aa690, 0x24ac0000)
  to   space 2304K,   0% used [0x24ac0000, 0x24ac0000, 0x24d00000)
 tenured generation   total 47136K, used 28183K [0x28b40000, 0x2b948000, 0x335f0000)
   the space 47136K,  59% used [0x28b40000, 0x2a6c5d48, 0x2a6c5e00, 0x2b948000)
 compacting perm gen  total 12288K, used 3926K [0x335f0000, 0x341f0000, 0x375f0000)
   the space 12288K,  31% used [0x335f0000, 0x339c5b18, 0x339c5c00, 0x341f0000)
    ro space 10240K,  41% used [0x375f0000, 0x37a21a78, 0x37a21c00, 0x37ff0000)
    rw space 12288K,  52% used [0x37ff0000, 0x386362c0, 0x38636400, 0x38bf0000)
}
Event: 126.831 GC heap before
{Heap before GC invocations=404 (full 147):
 def new generation   total 21312K, used 6814K [0x235f0000, 0x24d00000, 0x28b40000)
  eden space 19008K,  34% used [0x235f0000, 0x23c6d180, 0x24880000)
  from space 2304K,   7% used [0x24880000, 0x248aa690, 0x24ac0000)
  to   space 2304K,   0% used [0x24ac0000, 0x24ac0000, 0x24d00000)
 tenured generation   total 47136K, used 28183K [0x28b40000, 0x2b948000, 0x335f0000)
   the space 47136K,  59% used [0x28b40000, 0x2a6c5d48, 0x2a6c5e00, 0x2b948000)
 compacting perm gen  total 12288K, used 3926K [0x335f0000, 0x341f0000, 0x375f0000)
   the space 12288K,  31% used [0x335f0000, 0x339c5b18, 0x339c5c00, 0x341f0000)
    ro space 10240K,  41% used [0x375f0000, 0x37a21a78, 0x37a21c00, 0x37ff0000)
    rw space 12288K,  52% used [0x37ff0000, 0x386362c0, 0x38636400, 0x38bf0000)
Event: 126.975 GC heap after
Heap after GC invocations=405 (full 148):
 def new generation   total 21312K, used 0K [0x235f0000, 0x24d00000, 0x28b40000)
  eden space 19008K,   0% used [0x235f0000, 0x235f0000, 0x24880000)
  from space 2304K,   0% used [0x24880000, 0x24880000, 0x24ac0000)
  to   space 2304K,   0% used [0x24ac0000, 0x24ac0000, 0x24d00000)
 tenured generation   total 47136K, used 28215K [0x28b40000, 0x2b948000, 0x335f0000)
   the space 47136K,  59% used [0x28b40000, 0x2a6cdde0, 0x2a6cde00, 0x2b948000)
 compacting perm gen  total 12288K, used 3926K [0x335f0000, 0x341f0000, 0x375f0000)
   the space 12288K,  31% used [0x335f0000, 0x339c5b18, 0x339c5c00, 0x341f0000)
    ro space 10240K,  41% used [0x375f0000, 0x37a21a78, 0x37a21c00, 0x37ff0000)
    rw space 12288K,  52% used [0x37ff0000, 0x386362c0, 0x38636400, 0x38bf0000)
}

